<?xml version="1.0" encoding="utf-8"?><testsuites><testsuite name="pytest" errors="0" failures="0" skipped="0" tests="19" time="0.975" timestamp="2023-04-14T09:22:40.162308" hostname="OLI-OMEN"><testcase classname="bumpversion" name="FLAKE8" time="0.066" /><testcase classname="src.pyprocessors_afp_entities.__init__" name="FLAKE8" time="0.031" /><testcase classname="src.pyprocessors_afp_entities.afp_entities" name="FLAKE8" time="0.172" /><testcase classname="tests.__init__" name="FLAKE8" time="0.027" /><testcase classname="tests.test_afp_entities" name="FLAKE8" time="0.169" /><testcase classname="tests.test_afp_entities" name="test_model" time="0.000" /><testcase classname="tests.test_afp_entities" name="test_afp_entities_fr" time="0.036" /><testcase classname="tests.test_afp_entities" name="test_afp_entities_whitelist" time="0.033" /><testcase classname="tests.test_afp_entities" name="test_afp_entities_suspicious" time="0.004" /><testcase classname="tests.test_afp_entities" name="test_afp_entities_en" time="0.019" /><testcase classname="tests.test_afp_entities" name="test_SHERPA_1735" time="0.009" /><testcase classname="tests.test_afp_entities" name="test_SHERPA_1741" time="0.019" /><testcase classname="tests.test_afp_entities" name="test_SHERPA_1742" time="0.003" /><testcase classname="tests.test_afp_entities" name="test_SHERPA_1761" time="0.009" /><testcase classname="tests.test_afp_entities" name="test_SHERPA_1765" time="0.022" /><testcase classname="tests.test_afp_entities" name="test_SHERPA_1766" time="0.003" /><testcase classname="tests.test_afp_entities" name="test_SHERPA_1773" time="0.006" /><testcase classname="tests.test_afp_entities" name="test_SHERPA_1776" time="0.006" /><testcase classname="tests.test_afp_entities" name="test_SHERPA_1779" time="0.003" /></testsuite></testsuites>