<?xml version="1.0" encoding="utf-8"?><testsuites><testsuite name="pytest" errors="1" failures="0" skipped="0" tests="1" time="0.570" timestamp="2023-04-12T17:19:16.607780" hostname="OLI-OMEN"><testcase classname="" name="tests.test_afp_entities" time="0.000"><error message="collection failure">ImportError while importing test module '/home/olivier/dev/kairntech/pyprocessors_afp_entities/tests/test_afp_entities.py'.
Hint: make sure your test modules/packages have valid Python names.
Traceback:
../../../.pyenv/versions/3.8.2/lib/python3.8/importlib/__init__.py:127: in import_module
    return _bootstrap._gcd_import(name[level:], package, level)
tests/test_afp_entities.py:8: in &lt;module&gt;
    from pytest_check import check
E   ModuleNotFoundError: No module named 'pytest_check'</error></testcase></testsuite></testsuites>